<?xml version="1.0" encoding="UTF-8"?>
<testsuite xmlns:xsi="http://www.w3.org/2001/XMLSchema-instance" xsi:noNamespaceSchemaLocation="https://maven.apache.org/surefire/maven-surefire-plugin/xsd/surefire-test-report.xsd" version="3.0.2" name="com.supershopcart.models.ShopCartFirestoreTest" time="2.169" tests="6" errors="0" skipped="0" failures="0">
  <properties>
    <property name="java.specification.version" value="21"/>
    <property name="sun.jnu.encoding" value="UTF-8"/>
    <property name="FIRESTORE_EMULATOR_HOST" value="127.0.0.1:8081"/>
    <property name="java.class.path" value="/Users/miguelloureiro/repos/supershopcart_app/target/test-classes:/Users/miguelloureiro/repos/supershopcart_app/target/classes:/Users/miguelloureiro/.m2/repository/org/testcontainers/testcontainers/1.21.2/testcontainers-1.21.2.jar:/Users/miguelloureiro/.m2/repository/junit/junit/4.13.2/junit-4.13.2.jar:/Users/miguelloureiro/.m2/repository/org/hamcrest/hamcrest-core/3.0/hamcrest-core-3.0.jar:/Users/miguelloureiro/.m2/repository/org/slf4j/slf4j-api/2.0.17/slf4j-api-2.0.17.jar:/Users/miguelloureiro/.m2/repository/org/apache/commons/commons-compress/1.24.0/commons-compress-1.24.0.jar:/Users/miguelloureiro/.m2/repository/org/rnorth/duct-tape/duct-tape/1.0.8/duct-tape-1.0.8.jar:/Users/miguelloureiro/.m2/repository/org/jetbrains/annotations/17.0.0/annotations-17.0.0.jar:/Users/miguelloureiro/.m2/repository/com/github/docker-java/docker-java-api/3.4.2/docker-java-api-3.4.2.jar:/Users/miguelloureiro/.m2/repository/com/fasterxml/jackson/core/jackson-annotations/2.19.1/jackson-annotations-2.19.1.jar:/Users/miguelloureiro/.m2/repository/com/github/docker-java/docker-java-transport-zerodep/3.4.2/docker-java-transport-zerodep-3.4.2.jar:/Users/miguelloureiro/.m2/repository/com/github/docker-java/docker-java-transport/3.4.2/docker-java-transport-3.4.2.jar:/Users/miguelloureiro/.m2/repository/net/java/dev/jna/jna/5.13.0/jna-5.13.0.jar:/Users/miguelloureiro/.m2/repository/org/testcontainers/junit-jupiter/1.21.2/junit-jupiter-1.21.2.jar:/Users/miguelloureiro/.m2/repository/com/google/cloud/google-cloud-firestore/3.31.9/google-cloud-firestore-3.31.9.jar:/Users/miguelloureiro/.m2/repository/com/google/cloud/google-cloud-core-grpc/2.58.1/google-cloud-core-grpc-2.58.1.jar:/Users/miguelloureiro/.m2/repository/com/google/http-client/google-http-client/1.47.1/google-http-client-1.47.1.jar:/Users/miguelloureiro/.m2/repository/org/apache/httpcomponents/httpclient/4.5.14/httpclient-4.5.14.jar:/Users/miguelloureiro/.m2/repository/org/apache/httpcomponents/httpcore/4.4.16/httpcore-4.4.16.jar:/Users/miguelloureiro/.m2/repository/io/grpc/grpc-context/1.71.0/grpc-context-1.71.0.jar:/Users/miguelloureiro/.m2/repository/io/opencensus/opencensus-contrib-http-util/0.31.1/opencensus-contrib-http-util-0.31.1.jar:/Users/miguelloureiro/.m2/repository/com/google/errorprone/error_prone_annotations/2.38.0/error_prone_annotations-2.38.0.jar:/Users/miguelloureiro/.m2/repository/com/google/api/grpc/proto-google-cloud-firestore-v1/3.31.9/proto-google-cloud-firestore-v1-3.31.9.jar:/Users/miguelloureiro/.m2/repository/com/google/cloud/proto-google-cloud-firestore-bundle-v1/3.31.9/proto-google-cloud-firestore-bundle-v1-3.31.9.jar:/Users/miguelloureiro/.m2/repository/com/google/auto/value/auto-value-annotations/1.11.0/auto-value-annotations-1.11.0.jar:/Users/miguelloureiro/.m2/repository/com/google/code/findbugs/jsr305/3.0.2/jsr305-3.0.2.jar:/Users/miguelloureiro/.m2/repository/com/google/api/api-common/2.51.1/api-common-2.51.1.jar:/Users/miguelloureiro/.m2/repository/com/google/j2objc/j2objc-annotations/3.0.0/j2objc-annotations-3.0.0.jar:/Users/miguelloureiro/.m2/repository/io/grpc/grpc-protobuf/1.71.0/grpc-protobuf-1.71.0.jar:/Users/miguelloureiro/.m2/repository/io/grpc/grpc-protobuf-lite/1.71.0/grpc-protobuf-lite-1.71.0.jar:/Users/miguelloureiro/.m2/repository/com/google/protobuf/protobuf-java/4.29.4/protobuf-java-4.29.4.jar:/Users/miguelloureiro/.m2/repository/com/google/api/grpc/proto-google-common-protos/2.59.1/proto-google-common-protos-2.59.1.jar:/Users/miguelloureiro/.m2/repository/com/google/api/gax/2.68.1/gax-2.68.1.jar:/Users/miguelloureiro/.m2/repository/io/opencensus/opencensus-api/0.31.1/opencensus-api-0.31.1.jar:/Users/miguelloureiro/.m2/repository/com/google/auth/google-auth-library-oauth2-http/1.37.1/google-auth-library-oauth2-http-1.37.1.jar:/Users/miguelloureiro/.m2/repository/io/grpc/grpc-api/1.71.0/grpc-api-1.71.0.jar:/Users/miguelloureiro/.m2/repository/com/google/api/gax-grpc/2.68.1/gax-grpc-2.68.1.jar:/Users/miguelloureiro/.m2/repository/io/grpc/grpc-inprocess/1.71.0/grpc-inprocess-1.71.0.jar:/Users/miguelloureiro/.m2/repository/io/grpc/grpc-core/1.71.0/grpc-core-1.71.0.jar:/Users/miguelloureiro/.m2/repository/io/grpc/grpc-alts/1.71.0/grpc-alts-1.71.0.jar:/Users/miguelloureiro/.m2/repository/io/grpc/grpc-grpclb/1.71.0/grpc-grpclb-1.71.0.jar:/Users/miguelloureiro/.m2/repository/org/conscrypt/conscrypt-openjdk-uber/2.5.2/conscrypt-openjdk-uber-2.5.2.jar:/Users/miguelloureiro/.m2/repository/io/grpc/grpc-auth/1.71.0/grpc-auth-1.71.0.jar:/Users/miguelloureiro/.m2/repository/io/grpc/grpc-netty-shaded/1.71.0/grpc-netty-shaded-1.71.0.jar:/Users/miguelloureiro/.m2/repository/io/grpc/grpc-util/1.71.0/grpc-util-1.71.0.jar:/Users/miguelloureiro/.m2/repository/io/perfmark/perfmark-api/0.27.0/perfmark-api-0.27.0.jar:/Users/miguelloureiro/.m2/repository/io/grpc/grpc-googleapis/1.71.0/grpc-googleapis-1.71.0.jar:/Users/miguelloureiro/.m2/repository/io/grpc/grpc-xds/1.71.0/grpc-xds-1.71.0.jar:/Users/miguelloureiro/.m2/repository/com/google/re2j/re2j/1.8/re2j-1.8.jar:/Users/miguelloureiro/.m2/repository/com/google/api/gax-httpjson/2.68.1/gax-httpjson-2.68.1.jar:/Users/miguelloureiro/.m2/repository/com/google/http-client/google-http-client-gson/1.47.1/google-http-client-gson-1.47.1.jar:/Users/miguelloureiro/.m2/repository/com/google/guava/guava/33.4.0-jre/guava-33.4.0-jre.jar:/Users/miguelloureiro/.m2/repository/com/google/guava/failureaccess/1.0.2/failureaccess-1.0.2.jar:/Users/miguelloureiro/.m2/repository/com/google/guava/listenablefuture/9999.0-empty-to-avoid-conflict-with-guava/listenablefuture-9999.0-empty-to-avoid-conflict-with-guava.jar:/Users/miguelloureiro/.m2/repository/org/checkerframework/checker-qual/3.49.0/checker-qual-3.49.0.jar:/Users/miguelloureiro/.m2/repository/org/threeten/threetenbp/1.7.0/threetenbp-1.7.0.jar:/Users/miguelloureiro/.m2/repository/io/grpc/grpc-stub/1.71.0/grpc-stub-1.71.0.jar:/Users/miguelloureiro/.m2/repository/org/codehaus/mojo/animal-sniffer-annotations/1.24/animal-sniffer-annotations-1.24.jar:/Users/miguelloureiro/.m2/repository/com/google/auth/google-auth-library-credentials/1.37.1/google-auth-library-credentials-1.37.1.jar:/Users/miguelloureiro/.m2/repository/com/google/cloud/google-cloud-core/2.58.1/google-cloud-core-2.58.1.jar:/Users/miguelloureiro/.m2/repository/com/google/api/grpc/proto-google-iam-v1/1.54.1/proto-google-iam-v1-1.54.1.jar:/Users/miguelloureiro/.m2/repository/com/google/code/gson/gson/2.13.1/gson-2.13.1.jar:/Users/miguelloureiro/.m2/repository/com/google/protobuf/protobuf-java-util/4.29.4/protobuf-java-util-4.29.4.jar:/Users/miguelloureiro/.m2/repository/io/opentelemetry/opentelemetry-api/1.49.0/opentelemetry-api-1.49.0.jar:/Users/miguelloureiro/.m2/repository/io/opentelemetry/opentelemetry-context/1.49.0/opentelemetry-context-1.49.0.jar:/Users/miguelloureiro/.m2/repository/io/opentelemetry/instrumentation/opentelemetry-grpc-1.6/2.1.0-alpha/opentelemetry-grpc-1.6-2.1.0-alpha.jar:/Users/miguelloureiro/.m2/repository/io/opentelemetry/instrumentation/opentelemetry-instrumentation-api/2.1.0/opentelemetry-instrumentation-api-2.1.0.jar:/Users/miguelloureiro/.m2/repository/io/opentelemetry/opentelemetry-extension-incubator/1.35.0-alpha/opentelemetry-extension-incubator-1.35.0-alpha.jar:/Users/miguelloureiro/.m2/repository/io/opentelemetry/semconv/opentelemetry-semconv/1.29.0-alpha/opentelemetry-semconv-1.29.0-alpha.jar:/Users/miguelloureiro/.m2/repository/io/opentelemetry/instrumentation/opentelemetry-instrumentation-api-incubator/2.1.0-alpha/opentelemetry-instrumentation-api-incubator-2.1.0-alpha.jar:/Users/miguelloureiro/.m2/repository/io/opentelemetry/opentelemetry-sdk/1.49.0/opentelemetry-sdk-1.49.0.jar:/Users/miguelloureiro/.m2/repository/io/opentelemetry/opentelemetry-sdk-common/1.49.0/opentelemetry-sdk-common-1.49.0.jar:/Users/miguelloureiro/.m2/repository/io/opentelemetry/opentelemetry-sdk-trace/1.49.0/opentelemetry-sdk-trace-1.49.0.jar:/Users/miguelloureiro/.m2/repository/io/opentelemetry/opentelemetry-sdk-logs/1.49.0/opentelemetry-sdk-logs-1.49.0.jar:/Users/miguelloureiro/.m2/repository/io/opentelemetry/opentelemetry-sdk-metrics/1.49.0/opentelemetry-sdk-metrics-1.49.0.jar:/Users/miguelloureiro/.m2/repository/com/google/cloud/opentelemetry/exporter-metrics/0.33.0/exporter-metrics-0.33.0.jar:/Users/miguelloureiro/.m2/repository/com/google/cloud/google-cloud-monitoring/3.69.0/google-cloud-monitoring-3.69.0.jar:/Users/miguelloureiro/.m2/repository/com/google/api/grpc/proto-google-cloud-monitoring-v3/3.69.0/proto-google-cloud-monitoring-v3-3.69.0.jar:/Users/miguelloureiro/.m2/repository/com/google/android/annotations/4.1.1.4/annotations-4.1.1.4.jar:/Users/miguelloureiro/.m2/repository/io/grpc/grpc-services/1.71.0/grpc-services-1.71.0.jar:/Users/miguelloureiro/.m2/repository/commons-codec/commons-codec/1.18.0/commons-codec-1.18.0.jar:/Users/miguelloureiro/.m2/repository/com/google/cloud/opentelemetry/shared-resourcemapping/0.33.0/shared-resourcemapping-0.33.0.jar:/Users/miguelloureiro/.m2/repository/javax/annotation/javax.annotation-api/1.3.2/javax.annotation-api-1.3.2.jar:/Users/miguelloureiro/.m2/repository/jakarta/validation/jakarta.validation-api/3.1.1/jakarta.validation-api-3.1.1.jar:/Users/miguelloureiro/.m2/repository/org/hibernate/validator/hibernate-validator/9.0.1.Final/hibernate-validator-9.0.1.Final.jar:/Users/miguelloureiro/.m2/repository/org/jboss/logging/jboss-logging/3.6.1.Final/jboss-logging-3.6.1.Final.jar:/Users/miguelloureiro/.m2/repository/com/fasterxml/classmate/1.7.0/classmate-1.7.0.jar:/Users/miguelloureiro/.m2/repository/org/springdoc/springdoc-openapi-ui/1.8.0/springdoc-openapi-ui-1.8.0.jar:/Users/miguelloureiro/.m2/repository/org/springdoc/springdoc-openapi-webmvc-core/1.8.0/springdoc-openapi-webmvc-core-1.8.0.jar:/Users/miguelloureiro/.m2/repository/org/springdoc/springdoc-openapi-common/1.8.0/springdoc-openapi-common-1.8.0.jar:/Users/miguelloureiro/.m2/repository/io/swagger/core/v3/swagger-core/2.2.20/swagger-core-2.2.20.jar:/Users/miguelloureiro/.m2/repository/org/apache/commons/commons-lang3/3.17.0/commons-lang3-3.17.0.jar:/Users/miguelloureiro/.m2/repository/com/fasterxml/jackson/dataformat/jackson-dataformat-yaml/2.19.1/jackson-dataformat-yaml-2.19.1.jar:/Users/miguelloureiro/.m2/repository/io/swagger/core/v3/swagger-annotations/2.2.20/swagger-annotations-2.2.20.jar:/Users/miguelloureiro/.m2/repository/io/swagger/core/v3/swagger-models/2.2.20/swagger-models-2.2.20.jar:/Users/miguelloureiro/.m2/repository/org/webjars/swagger-ui/5.11.8/swagger-ui-5.11.8.jar:/Users/miguelloureiro/.m2/repository/org/springframework/boot/spring-boot-starter-data-jpa/3.5.3/spring-boot-starter-data-jpa-3.5.3.jar:/Users/miguelloureiro/.m2/repository/org/springframework/boot/spring-boot-starter/3.5.3/spring-boot-starter-3.5.3.jar:/Users/miguelloureiro/.m2/repository/org/springframework/boot/spring-boot-starter-logging/3.5.3/spring-boot-starter-logging-3.5.3.jar:/Users/miguelloureiro/.m2/repository/ch/qos/logback/logback-classic/1.5.18/logback-classic-1.5.18.jar:/Users/miguelloureiro/.m2/repository/ch/qos/logback/logback-core/1.5.18/logback-core-1.5.18.jar:/Users/miguelloureiro/.m2/repository/org/apache/logging/log4j/log4j-to-slf4j/2.24.3/log4j-to-slf4j-2.24.3.jar:/Users/miguelloureiro/.m2/repository/org/apache/logging/log4j/log4j-api/2.24.3/log4j-api-2.24.3.jar:/Users/miguelloureiro/.m2/repository/org/slf4j/jul-to-slf4j/2.0.17/jul-to-slf4j-2.0.17.jar:/Users/miguelloureiro/.m2/repository/jakarta/annotation/jakarta.annotation-api/2.1.1/jakarta.annotation-api-2.1.1.jar:/Users/miguelloureiro/.m2/repository/org/yaml/snakeyaml/2.4/snakeyaml-2.4.jar:/Users/miguelloureiro/.m2/repository/org/springframework/boot/spring-boot-starter-jdbc/3.5.3/spring-boot-starter-jdbc-3.5.3.jar:/Users/miguelloureiro/.m2/repository/com/zaxxer/HikariCP/6.3.0/HikariCP-6.3.0.jar:/Users/miguelloureiro/.m2/repository/org/springframework/spring-jdbc/6.2.8/spring-jdbc-6.2.8.jar:/Users/miguelloureiro/.m2/repository/org/hibernate/orm/hibernate-core/6.6.18.Final/hibernate-core-6.6.18.Final.jar:/Users/miguelloureiro/.m2/repository/jakarta/persistence/jakarta.persistence-api/3.1.0/jakarta.persistence-api-3.1.0.jar:/Users/miguelloureiro/.m2/repository/jakarta/transaction/jakarta.transaction-api/2.0.1/jakarta.transaction-api-2.0.1.jar:/Users/miguelloureiro/.m2/repository/org/hibernate/common/hibernate-commons-annotations/7.0.3.Final/hibernate-commons-annotations-7.0.3.Final.jar:/Users/miguelloureiro/.m2/repository/io/smallrye/jandex/3.2.0/jandex-3.2.0.jar:/Users/miguelloureiro/.m2/repository/org/glassfish/jaxb/jaxb-runtime/4.0.5/jaxb-runtime-4.0.5.jar:/Users/miguelloureiro/.m2/repository/org/glassfish/jaxb/jaxb-core/4.0.5/jaxb-core-4.0.5.jar:/Users/miguelloureiro/.m2/repository/org/eclipse/angus/angus-activation/2.0.2/angus-activation-2.0.2.jar:/Users/miguelloureiro/.m2/repository/org/glassfish/jaxb/txw2/4.0.5/txw2-4.0.5.jar:/Users/miguelloureiro/.m2/repository/com/sun/istack/istack-commons-runtime/4.1.2/istack-commons-runtime-4.1.2.jar:/Users/miguelloureiro/.m2/repository/jakarta/inject/jakarta.inject-api/2.0.1/jakarta.inject-api-2.0.1.jar:/Users/miguelloureiro/.m2/repository/org/antlr/antlr4-runtime/4.13.0/antlr4-runtime-4.13.0.jar:/Users/miguelloureiro/.m2/repository/org/springframework/data/spring-data-jpa/3.5.1/spring-data-jpa-3.5.1.jar:/Users/miguelloureiro/.m2/repository/org/springframework/data/spring-data-commons/3.5.1/spring-data-commons-3.5.1.jar:/Users/miguelloureiro/.m2/repository/org/springframework/spring-orm/6.2.8/spring-orm-6.2.8.jar:/Users/miguelloureiro/.m2/repository/org/springframework/spring-context/6.2.8/spring-context-6.2.8.jar:/Users/miguelloureiro/.m2/repository/org/springframework/spring-tx/6.2.8/spring-tx-6.2.8.jar:/Users/miguelloureiro/.m2/repository/org/springframework/spring-beans/6.2.8/spring-beans-6.2.8.jar:/Users/miguelloureiro/.m2/repository/org/springframework/spring-aspects/6.2.8/spring-aspects-6.2.8.jar:/Users/miguelloureiro/.m2/repository/org/aspectj/aspectjweaver/1.9.24/aspectjweaver-1.9.24.jar:/Users/miguelloureiro/.m2/repository/org/springframework/boot/spring-boot-starter-security/3.5.4/spring-boot-starter-security-3.5.4.jar:/Users/miguelloureiro/.m2/repository/org/springframework/spring-aop/6.2.8/spring-aop-6.2.8.jar:/Users/miguelloureiro/.m2/repository/org/springframework/security/spring-security-config/6.5.1/spring-security-config-6.5.1.jar:/Users/miguelloureiro/.m2/repository/org/springframework/security/spring-security-web/6.5.1/spring-security-web-6.5.1.jar:/Users/miguelloureiro/.m2/repository/org/springframework/spring-expression/6.2.8/spring-expression-6.2.8.jar:/Users/miguelloureiro/.m2/repository/org/springframework/boot/spring-boot-starter-web/3.5.3/spring-boot-starter-web-3.5.3.jar:/Users/miguelloureiro/.m2/repository/org/springframework/boot/spring-boot-starter-json/3.5.3/spring-boot-starter-json-3.5.3.jar:/Users/miguelloureiro/.m2/repository/com/fasterxml/jackson/datatype/jackson-datatype-jdk8/2.19.1/jackson-datatype-jdk8-2.19.1.jar:/Users/miguelloureiro/.m2/repository/com/fasterxml/jackson/datatype/jackson-datatype-jsr310/2.19.1/jackson-datatype-jsr310-2.19.1.jar:/Users/miguelloureiro/.m2/repository/com/fasterxml/jackson/module/jackson-module-parameter-names/2.19.1/jackson-module-parameter-names-2.19.1.jar:/Users/miguelloureiro/.m2/repository/org/springframework/boot/spring-boot-starter-tomcat/3.5.3/spring-boot-starter-tomcat-3.5.3.jar:/Users/miguelloureiro/.m2/repository/org/apache/tomcat/embed/tomcat-embed-core/10.1.42/tomcat-embed-core-10.1.42.jar:/Users/miguelloureiro/.m2/repository/org/apache/tomcat/embed/tomcat-embed-el/10.1.42/tomcat-embed-el-10.1.42.jar:/Users/miguelloureiro/.m2/repository/org/apache/tomcat/embed/tomcat-embed-websocket/10.1.42/tomcat-embed-websocket-10.1.42.jar:/Users/miguelloureiro/.m2/repository/org/springframework/spring-web/6.2.8/spring-web-6.2.8.jar:/Users/miguelloureiro/.m2/repository/io/micrometer/micrometer-observation/1.15.1/micrometer-observation-1.15.1.jar:/Users/miguelloureiro/.m2/repository/io/micrometer/micrometer-commons/1.15.1/micrometer-commons-1.15.1.jar:/Users/miguelloureiro/.m2/repository/org/springframework/spring-webmvc/6.2.8/spring-webmvc-6.2.8.jar:/Users/miguelloureiro/.m2/repository/org/springframework/boot/spring-boot-devtools/3.5.3/spring-boot-devtools-3.5.3.jar:/Users/miguelloureiro/.m2/repository/org/springframework/boot/spring-boot/3.5.3/spring-boot-3.5.3.jar:/Users/miguelloureiro/.m2/repository/org/springframework/boot/spring-boot-autoconfigure/3.5.3/spring-boot-autoconfigure-3.5.3.jar:/Users/miguelloureiro/.m2/repository/com/h2database/h2/2.3.232/h2-2.3.232.jar:/Users/miguelloureiro/.m2/repository/org/postgresql/postgresql/42.7.4/postgresql-42.7.4.jar:/Users/miguelloureiro/.m2/repository/org/projectlombok/lombok/1.18.32/lombok-1.18.32.jar:/Users/miguelloureiro/.m2/repository/io/jsonwebtoken/jjwt-api/0.12.6/jjwt-api-0.12.6.jar:/Users/miguelloureiro/.m2/repository/io/jsonwebtoken/jjwt-impl/0.12.6/jjwt-impl-0.12.6.jar:/Users/miguelloureiro/.m2/repository/io/jsonwebtoken/jjwt-jackson/0.12.6/jjwt-jackson-0.12.6.jar:/Users/miguelloureiro/.m2/repository/com/fasterxml/jackson/core/jackson-databind/2.19.1/jackson-databind-2.19.1.jar:/Users/miguelloureiro/.m2/repository/com/fasterxml/jackson/core/jackson-core/2.19.1/jackson-core-2.19.1.jar:/Users/miguelloureiro/.m2/repository/com/google/firebase/firebase-admin/9.5.0/firebase-admin-9.5.0.jar:/Users/miguelloureiro/.m2/repository/com/google/api-client/google-api-client/2.7.2/google-api-client-2.7.2.jar:/Users/miguelloureiro/.m2/repository/com/google/oauth-client/google-oauth-client/1.39.0/google-oauth-client-1.39.0.jar:/Users/miguelloureiro/.m2/repository/com/google/http-client/google-http-client-apache-v2/1.47.1/google-http-client-apache-v2-1.47.1.jar:/Users/miguelloureiro/.m2/repository/com/google/api-client/google-api-client-gson/2.7.2/google-api-client-gson-2.7.2.jar:/Users/miguelloureiro/.m2/repository/com/google/cloud/google-cloud-storage/2.53.3/google-cloud-storage-2.53.3.jar:/Users/miguelloureiro/.m2/repository/com/google/http-client/google-http-client-jackson2/1.47.1/google-http-client-jackson2-1.47.1.jar:/Users/miguelloureiro/.m2/repository/com/google/apis/google-api-services-storage/v1-rev20250629-2.0.0/google-api-services-storage-v1-rev20250629-2.0.0.jar:/Users/miguelloureiro/.m2/repository/com/google/cloud/google-cloud-core-http/2.58.1/google-cloud-core-http-2.58.1.jar:/Users/miguelloureiro/.m2/repository/com/google/http-client/google-http-client-appengine/1.47.1/google-http-client-appengine-1.47.1.jar:/Users/miguelloureiro/.m2/repository/com/google/api/grpc/proto-google-cloud-storage-v2/2.53.3/proto-google-cloud-storage-v2-2.53.3.jar:/Users/miguelloureiro/.m2/repository/com/google/api/grpc/grpc-google-cloud-storage-v2/2.53.3/grpc-google-cloud-storage-v2-2.53.3.jar:/Users/miguelloureiro/.m2/repository/com/google/api/grpc/gapic-google-cloud-storage-v2/2.53.3/gapic-google-cloud-storage-v2-2.53.3.jar:/Users/miguelloureiro/.m2/repository/io/grpc/grpc-opentelemetry/1.71.0/grpc-opentelemetry-1.71.0.jar:/Users/miguelloureiro/.m2/repository/io/opentelemetry/opentelemetry-sdk-extension-autoconfigure-spi/1.49.0/opentelemetry-sdk-extension-autoconfigure-spi-1.49.0.jar:/Users/miguelloureiro/.m2/repository/io/opentelemetry/contrib/opentelemetry-gcp-resources/1.37.0-alpha/opentelemetry-gcp-resources-1.37.0-alpha.jar:/Users/miguelloureiro/.m2/repository/com/google/cloud/opentelemetry/detector-resources-support/0.33.0/detector-resources-support-0.33.0.jar:/Users/miguelloureiro/.m2/repository/io/grpc/grpc-rls/1.71.0/grpc-rls-1.71.0.jar:/Users/miguelloureiro/.m2/repository/io/netty/netty-codec-http/4.1.122.Final/netty-codec-http-4.1.122.Final.jar:/Users/miguelloureiro/.m2/repository/io/netty/netty-common/4.1.122.Final/netty-common-4.1.122.Final.jar:/Users/miguelloureiro/.m2/repository/io/netty/netty-buffer/4.1.122.Final/netty-buffer-4.1.122.Final.jar:/Users/miguelloureiro/.m2/repository/io/netty/netty-codec/4.1.122.Final/netty-codec-4.1.122.Final.jar:/Users/miguelloureiro/.m2/repository/io/netty/netty-handler/4.1.122.Final/netty-handler-4.1.122.Final.jar:/Users/miguelloureiro/.m2/repository/io/netty/netty-resolver/4.1.122.Final/netty-resolver-4.1.122.Final.jar:/Users/miguelloureiro/.m2/repository/io/netty/netty-transport-native-unix-common/4.1.122.Final/netty-transport-native-unix-common-4.1.122.Final.jar:/Users/miguelloureiro/.m2/repository/io/netty/netty-transport/4.1.122.Final/netty-transport-4.1.122.Final.jar:/Users/miguelloureiro/.m2/repository/org/apache/httpcomponents/client5/httpclient5/5.5/httpclient5-5.5.jar:/Users/miguelloureiro/.m2/repository/org/apache/httpcomponents/core5/httpcore5/5.3.4/httpcore5-5.3.4.jar:/Users/miguelloureiro/.m2/repository/org/apache/httpcomponents/core5/httpcore5-h2/5.3.4/httpcore5-h2-5.3.4.jar:/Users/miguelloureiro/.m2/repository/org/springframework/boot/spring-boot-starter-test/3.5.3/spring-boot-starter-test-3.5.3.jar:/Users/miguelloureiro/.m2/repository/org/springframework/boot/spring-boot-test/3.5.3/spring-boot-test-3.5.3.jar:/Users/miguelloureiro/.m2/repository/org/springframework/boot/spring-boot-test-autoconfigure/3.5.3/spring-boot-test-autoconfigure-3.5.3.jar:/Users/miguelloureiro/.m2/repository/com/jayway/jsonpath/json-path/2.9.0/json-path-2.9.0.jar:/Users/miguelloureiro/.m2/repository/jakarta/xml/bind/jakarta.xml.bind-api/4.0.2/jakarta.xml.bind-api-4.0.2.jar:/Users/miguelloureiro/.m2/repository/jakarta/activation/jakarta.activation-api/2.1.3/jakarta.activation-api-2.1.3.jar:/Users/miguelloureiro/.m2/repository/net/minidev/json-smart/2.5.2/json-smart-2.5.2.jar:/Users/miguelloureiro/.m2/repository/net/minidev/accessors-smart/2.5.2/accessors-smart-2.5.2.jar:/Users/miguelloureiro/.m2/repository/org/ow2/asm/asm/9.7.1/asm-9.7.1.jar:/Users/miguelloureiro/.m2/repository/org/assertj/assertj-core/3.27.3/assertj-core-3.27.3.jar:/Users/miguelloureiro/.m2/repository/org/awaitility/awaitility/4.2.2/awaitility-4.2.2.jar:/Users/miguelloureiro/.m2/repository/org/hamcrest/hamcrest/3.0/hamcrest-3.0.jar:/Users/miguelloureiro/.m2/repository/org/junit/jupiter/junit-jupiter/5.12.2/junit-jupiter-5.12.2.jar:/Users/miguelloureiro/.m2/repository/org/junit/jupiter/junit-jupiter-api/5.12.2/junit-jupiter-api-5.12.2.jar:/Users/miguelloureiro/.m2/repository/org/opentest4j/opentest4j/1.3.0/opentest4j-1.3.0.jar:/Users/miguelloureiro/.m2/repository/org/junit/platform/junit-platform-commons/1.12.2/junit-platform-commons-1.12.2.jar:/Users/miguelloureiro/.m2/repository/org/apiguardian/apiguardian-api/1.1.2/apiguardian-api-1.1.2.jar:/Users/miguelloureiro/.m2/repository/org/junit/jupiter/junit-jupiter-params/5.12.2/junit-jupiter-params-5.12.2.jar:/Users/miguelloureiro/.m2/repository/org/junit/jupiter/junit-jupiter-engine/5.12.2/junit-jupiter-engine-5.12.2.jar:/Users/miguelloureiro/.m2/repository/org/junit/platform/junit-platform-engine/1.12.2/junit-platform-engine-1.12.2.jar:/Users/miguelloureiro/.m2/repository/org/mockito/mockito-junit-jupiter/5.17.0/mockito-junit-jupiter-5.17.0.jar:/Users/miguelloureiro/.m2/repository/org/skyscreamer/jsonassert/1.5.3/jsonassert-1.5.3.jar:/Users/miguelloureiro/.m2/repository/com/vaadin/external/google/android-json/0.0.20131108.vaadin1/android-json-0.0.20131108.vaadin1.jar:/Users/miguelloureiro/.m2/repository/org/springframework/spring-core/6.2.8/spring-core-6.2.8.jar:/Users/miguelloureiro/.m2/repository/org/springframework/spring-jcl/6.2.8/spring-jcl-6.2.8.jar:/Users/miguelloureiro/.m2/repository/org/springframework/spring-test/6.2.8/spring-test-6.2.8.jar:/Users/miguelloureiro/.m2/repository/org/xmlunit/xmlunit-core/2.10.2/xmlunit-core-2.10.2.jar:/Users/miguelloureiro/.m2/repository/org/springframework/security/spring-security-test/6.5.1/spring-security-test-6.5.1.jar:/Users/miguelloureiro/.m2/repository/org/springframework/security/spring-security-core/6.5.1/spring-security-core-6.5.1.jar:/Users/miguelloureiro/.m2/repository/org/springframework/security/spring-security-crypto/6.5.1/spring-security-crypto-6.5.1.jar:/Users/miguelloureiro/.m2/repository/org/mockito/mockito-core/5.17.0/mockito-core-5.17.0.jar:/Users/miguelloureiro/.m2/repository/net/bytebuddy/byte-buddy/1.17.6/byte-buddy-1.17.6.jar:/Users/miguelloureiro/.m2/repository/net/bytebuddy/byte-buddy-agent/1.17.6/byte-buddy-agent-1.17.6.jar:/Users/miguelloureiro/.m2/repository/org/objenesis/objenesis/3.3/objenesis-3.3.jar:"/>
    <property name="java.vm.vendor" value="Eclipse Adoptium"/>
    <property name="sun.arch.data.model" value="64"/>
    <property name="java.vendor.url" value="https://adoptium.net/"/>
    <property name="user.timezone" value="Europe/Lisbon"/>
    <property name="org.jboss.logging.provider" value="slf4j"/>
    <property name="os.name" value="Mac OS X"/>
    <property name="java.vm.specification.version" value="21"/>
    <property name="APPLICATION_NAME" value="supershopcart"/>
    <property name="sun.java.launcher" value="SUN_STANDARD"/>
    <property name="user.country" value="GB"/>
    <property name="sun.boot.library.path" value="/Library/Java/JavaVirtualMachines/temurin-21.jdk/Contents/Home/lib"/>
    <property name="sun.java.command" value="/Users/miguelloureiro/repos/supershopcart_app/target/surefire/surefirebooter-20250805234347302_3.jar /Users/miguelloureiro/repos/supershopcart_app/target/surefire 2025-08-05T23-43-47_254-jvmRun1 surefire-20250805234347302_1tmp surefire_0-20250805234347302_2tmp"/>
    <property name="http.nonProxyHosts" value="local|*.local|169.254/16|*.169.254/16"/>
    <property name="jdk.debug" value="release"/>
    <property name="surefire.test.class.path" value="/Users/miguelloureiro/repos/supershopcart_app/target/test-classes:/Users/miguelloureiro/repos/supershopcart_app/target/classes:/Users/miguelloureiro/.m2/repository/org/testcontainers/testcontainers/1.21.2/testcontainers-1.21.2.jar:/Users/miguelloureiro/.m2/repository/junit/junit/4.13.2/junit-4.13.2.jar:/Users/miguelloureiro/.m2/repository/org/hamcrest/hamcrest-core/3.0/hamcrest-core-3.0.jar:/Users/miguelloureiro/.m2/repository/org/slf4j/slf4j-api/2.0.17/slf4j-api-2.0.17.jar:/Users/miguelloureiro/.m2/repository/org/apache/commons/commons-compress/1.24.0/commons-compress-1.24.0.jar:/Users/miguelloureiro/.m2/repository/org/rnorth/duct-tape/duct-tape/1.0.8/duct-tape-1.0.8.jar:/Users/miguelloureiro/.m2/repository/org/jetbrains/annotations/17.0.0/annotations-17.0.0.jar:/Users/miguelloureiro/.m2/repository/com/github/docker-java/docker-java-api/3.4.2/docker-java-api-3.4.2.jar:/Users/miguelloureiro/.m2/repository/com/fasterxml/jackson/core/jackson-annotations/2.19.1/jackson-annotations-2.19.1.jar:/Users/miguelloureiro/.m2/repository/com/github/docker-java/docker-java-transport-zerodep/3.4.2/docker-java-transport-zerodep-3.4.2.jar:/Users/miguelloureiro/.m2/repository/com/github/docker-java/docker-java-transport/3.4.2/docker-java-transport-3.4.2.jar:/Users/miguelloureiro/.m2/repository/net/java/dev/jna/jna/5.13.0/jna-5.13.0.jar:/Users/miguelloureiro/.m2/repository/org/testcontainers/junit-jupiter/1.21.2/junit-jupiter-1.21.2.jar:/Users/miguelloureiro/.m2/repository/com/google/cloud/google-cloud-firestore/3.31.9/google-cloud-firestore-3.31.9.jar:/Users/miguelloureiro/.m2/repository/com/google/cloud/google-cloud-core-grpc/2.58.1/google-cloud-core-grpc-2.58.1.jar:/Users/miguelloureiro/.m2/repository/com/google/http-client/google-http-client/1.47.1/google-http-client-1.47.1.jar:/Users/miguelloureiro/.m2/repository/org/apache/httpcomponents/httpclient/4.5.14/httpclient-4.5.14.jar:/Users/miguelloureiro/.m2/repository/org/apache/httpcomponents/httpcore/4.4.16/httpcore-4.4.16.jar:/Users/miguelloureiro/.m2/repository/io/grpc/grpc-context/1.71.0/grpc-context-1.71.0.jar:/Users/miguelloureiro/.m2/repository/io/opencensus/opencensus-contrib-http-util/0.31.1/opencensus-contrib-http-util-0.31.1.jar:/Users/miguelloureiro/.m2/repository/com/google/errorprone/error_prone_annotations/2.38.0/error_prone_annotations-2.38.0.jar:/Users/miguelloureiro/.m2/repository/com/google/api/grpc/proto-google-cloud-firestore-v1/3.31.9/proto-google-cloud-firestore-v1-3.31.9.jar:/Users/miguelloureiro/.m2/repository/com/google/cloud/proto-google-cloud-firestore-bundle-v1/3.31.9/proto-google-cloud-firestore-bundle-v1-3.31.9.jar:/Users/miguelloureiro/.m2/repository/com/google/auto/value/auto-value-annotations/1.11.0/auto-value-annotations-1.11.0.jar:/Users/miguelloureiro/.m2/repository/com/google/code/findbugs/jsr305/3.0.2/jsr305-3.0.2.jar:/Users/miguelloureiro/.m2/repository/com/google/api/api-common/2.51.1/api-common-2.51.1.jar:/Users/miguelloureiro/.m2/repository/com/google/j2objc/j2objc-annotations/3.0.0/j2objc-annotations-3.0.0.jar:/Users/miguelloureiro/.m2/repository/io/grpc/grpc-protobuf/1.71.0/grpc-protobuf-1.71.0.jar:/Users/miguelloureiro/.m2/repository/io/grpc/grpc-protobuf-lite/1.71.0/grpc-protobuf-lite-1.71.0.jar:/Users/miguelloureiro/.m2/repository/com/google/protobuf/protobuf-java/4.29.4/protobuf-java-4.29.4.jar:/Users/miguelloureiro/.m2/repository/com/google/api/grpc/proto-google-common-protos/2.59.1/proto-google-common-protos-2.59.1.jar:/Users/miguelloureiro/.m2/repository/com/google/api/gax/2.68.1/gax-2.68.1.jar:/Users/miguelloureiro/.m2/repository/io/opencensus/opencensus-api/0.31.1/opencensus-api-0.31.1.jar:/Users/miguelloureiro/.m2/repository/com/google/auth/google-auth-library-oauth2-http/1.37.1/google-auth-library-oauth2-http-1.37.1.jar:/Users/miguelloureiro/.m2/repository/io/grpc/grpc-api/1.71.0/grpc-api-1.71.0.jar:/Users/miguelloureiro/.m2/repository/com/google/api/gax-grpc/2.68.1/gax-grpc-2.68.1.jar:/Users/miguelloureiro/.m2/repository/io/grpc/grpc-inprocess/1.71.0/grpc-inprocess-1.71.0.jar:/Users/miguelloureiro/.m2/repository/io/grpc/grpc-core/1.71.0/grpc-core-1.71.0.jar:/Users/miguelloureiro/.m2/repository/io/grpc/grpc-alts/1.71.0/grpc-alts-1.71.0.jar:/Users/miguelloureiro/.m2/repository/io/grpc/grpc-grpclb/1.71.0/grpc-grpclb-1.71.0.jar:/Users/miguelloureiro/.m2/repository/org/conscrypt/conscrypt-openjdk-uber/2.5.2/conscrypt-openjdk-uber-2.5.2.jar:/Users/miguelloureiro/.m2/repository/io/grpc/grpc-auth/1.71.0/grpc-auth-1.71.0.jar:/Users/miguelloureiro/.m2/repository/io/grpc/grpc-netty-shaded/1.71.0/grpc-netty-shaded-1.71.0.jar:/Users/miguelloureiro/.m2/repository/io/grpc/grpc-util/1.71.0/grpc-util-1.71.0.jar:/Users/miguelloureiro/.m2/repository/io/perfmark/perfmark-api/0.27.0/perfmark-api-0.27.0.jar:/Users/miguelloureiro/.m2/repository/io/grpc/grpc-googleapis/1.71.0/grpc-googleapis-1.71.0.jar:/Users/miguelloureiro/.m2/repository/io/grpc/grpc-xds/1.71.0/grpc-xds-1.71.0.jar:/Users/miguelloureiro/.m2/repository/com/google/re2j/re2j/1.8/re2j-1.8.jar:/Users/miguelloureiro/.m2/repository/com/google/api/gax-httpjson/2.68.1/gax-httpjson-2.68.1.jar:/Users/miguelloureiro/.m2/repository/com/google/http-client/google-http-client-gson/1.47.1/google-http-client-gson-1.47.1.jar:/Users/miguelloureiro/.m2/repository/com/google/guava/guava/33.4.0-jre/guava-33.4.0-jre.jar:/Users/miguelloureiro/.m2/repository/com/google/guava/failureaccess/1.0.2/failureaccess-1.0.2.jar:/Users/miguelloureiro/.m2/repository/com/google/guava/listenablefuture/9999.0-empty-to-avoid-conflict-with-guava/listenablefuture-9999.0-empty-to-avoid-conflict-with-guava.jar:/Users/miguelloureiro/.m2/repository/org/checkerframework/checker-qual/3.49.0/checker-qual-3.49.0.jar:/Users/miguelloureiro/.m2/repository/org/threeten/threetenbp/1.7.0/threetenbp-1.7.0.jar:/Users/miguelloureiro/.m2/repository/io/grpc/grpc-stub/1.71.0/grpc-stub-1.71.0.jar:/Users/miguelloureiro/.m2/repository/org/codehaus/mojo/animal-sniffer-annotations/1.24/animal-sniffer-annotations-1.24.jar:/Users/miguelloureiro/.m2/repository/com/google/auth/google-auth-library-credentials/1.37.1/google-auth-library-credentials-1.37.1.jar:/Users/miguelloureiro/.m2/repository/com/google/cloud/google-cloud-core/2.58.1/google-cloud-core-2.58.1.jar:/Users/miguelloureiro/.m2/repository/com/google/api/grpc/proto-google-iam-v1/1.54.1/proto-google-iam-v1-1.54.1.jar:/Users/miguelloureiro/.m2/repository/com/google/code/gson/gson/2.13.1/gson-2.13.1.jar:/Users/miguelloureiro/.m2/repository/com/google/protobuf/protobuf-java-util/4.29.4/protobuf-java-util-4.29.4.jar:/Users/miguelloureiro/.m2/repository/io/opentelemetry/opentelemetry-api/1.49.0/opentelemetry-api-1.49.0.jar:/Users/miguelloureiro/.m2/repository/io/opentelemetry/opentelemetry-context/1.49.0/opentelemetry-context-1.49.0.jar:/Users/miguelloureiro/.m2/repository/io/opentelemetry/instrumentation/opentelemetry-grpc-1.6/2.1.0-alpha/opentelemetry-grpc-1.6-2.1.0-alpha.jar:/Users/miguelloureiro/.m2/repository/io/opentelemetry/instrumentation/opentelemetry-instrumentation-api/2.1.0/opentelemetry-instrumentation-api-2.1.0.jar:/Users/miguelloureiro/.m2/repository/io/opentelemetry/opentelemetry-extension-incubator/1.35.0-alpha/opentelemetry-extension-incubator-1.35.0-alpha.jar:/Users/miguelloureiro/.m2/repository/io/opentelemetry/semconv/opentelemetry-semconv/1.29.0-alpha/opentelemetry-semconv-1.29.0-alpha.jar:/Users/miguelloureiro/.m2/repository/io/opentelemetry/instrumentation/opentelemetry-instrumentation-api-incubator/2.1.0-alpha/opentelemetry-instrumentation-api-incubator-2.1.0-alpha.jar:/Users/miguelloureiro/.m2/repository/io/opentelemetry/opentelemetry-sdk/1.49.0/opentelemetry-sdk-1.49.0.jar:/Users/miguelloureiro/.m2/repository/io/opentelemetry/opentelemetry-sdk-common/1.49.0/opentelemetry-sdk-common-1.49.0.jar:/Users/miguelloureiro/.m2/repository/io/opentelemetry/opentelemetry-sdk-trace/1.49.0/opentelemetry-sdk-trace-1.49.0.jar:/Users/miguelloureiro/.m2/repository/io/opentelemetry/opentelemetry-sdk-logs/1.49.0/opentelemetry-sdk-logs-1.49.0.jar:/Users/miguelloureiro/.m2/repository/io/opentelemetry/opentelemetry-sdk-metrics/1.49.0/opentelemetry-sdk-metrics-1.49.0.jar:/Users/miguelloureiro/.m2/repository/com/google/cloud/opentelemetry/exporter-metrics/0.33.0/exporter-metrics-0.33.0.jar:/Users/miguelloureiro/.m2/repository/com/google/cloud/google-cloud-monitoring/3.69.0/google-cloud-monitoring-3.69.0.jar:/Users/miguelloureiro/.m2/repository/com/google/api/grpc/proto-google-cloud-monitoring-v3/3.69.0/proto-google-cloud-monitoring-v3-3.69.0.jar:/Users/miguelloureiro/.m2/repository/com/google/android/annotations/4.1.1.4/annotations-4.1.1.4.jar:/Users/miguelloureiro/.m2/repository/io/grpc/grpc-services/1.71.0/grpc-services-1.71.0.jar:/Users/miguelloureiro/.m2/repository/commons-codec/commons-codec/1.18.0/commons-codec-1.18.0.jar:/Users/miguelloureiro/.m2/repository/com/google/cloud/opentelemetry/shared-resourcemapping/0.33.0/shared-resourcemapping-0.33.0.jar:/Users/miguelloureiro/.m2/repository/javax/annotation/javax.annotation-api/1.3.2/javax.annotation-api-1.3.2.jar:/Users/miguelloureiro/.m2/repository/jakarta/validation/jakarta.validation-api/3.1.1/jakarta.validation-api-3.1.1.jar:/Users/miguelloureiro/.m2/repository/org/hibernate/validator/hibernate-validator/9.0.1.Final/hibernate-validator-9.0.1.Final.jar:/Users/miguelloureiro/.m2/repository/org/jboss/logging/jboss-logging/3.6.1.Final/jboss-logging-3.6.1.Final.jar:/Users/miguelloureiro/.m2/repository/com/fasterxml/classmate/1.7.0/classmate-1.7.0.jar:/Users/miguelloureiro/.m2/repository/org/springdoc/springdoc-openapi-ui/1.8.0/springdoc-openapi-ui-1.8.0.jar:/Users/miguelloureiro/.m2/repository/org/springdoc/springdoc-openapi-webmvc-core/1.8.0/springdoc-openapi-webmvc-core-1.8.0.jar:/Users/miguelloureiro/.m2/repository/org/springdoc/springdoc-openapi-common/1.8.0/springdoc-openapi-common-1.8.0.jar:/Users/miguelloureiro/.m2/repository/io/swagger/core/v3/swagger-core/2.2.20/swagger-core-2.2.20.jar:/Users/miguelloureiro/.m2/repository/org/apache/commons/commons-lang3/3.17.0/commons-lang3-3.17.0.jar:/Users/miguelloureiro/.m2/repository/com/fasterxml/jackson/dataformat/jackson-dataformat-yaml/2.19.1/jackson-dataformat-yaml-2.19.1.jar:/Users/miguelloureiro/.m2/repository/io/swagger/core/v3/swagger-annotations/2.2.20/swagger-annotations-2.2.20.jar:/Users/miguelloureiro/.m2/repository/io/swagger/core/v3/swagger-models/2.2.20/swagger-models-2.2.20.jar:/Users/miguelloureiro/.m2/repository/org/webjars/swagger-ui/5.11.8/swagger-ui-5.11.8.jar:/Users/miguelloureiro/.m2/repository/org/springframework/boot/spring-boot-starter-data-jpa/3.5.3/spring-boot-starter-data-jpa-3.5.3.jar:/Users/miguelloureiro/.m2/repository/org/springframework/boot/spring-boot-starter/3.5.3/spring-boot-starter-3.5.3.jar:/Users/miguelloureiro/.m2/repository/org/springframework/boot/spring-boot-starter-logging/3.5.3/spring-boot-starter-logging-3.5.3.jar:/Users/miguelloureiro/.m2/repository/ch/qos/logback/logback-classic/1.5.18/logback-classic-1.5.18.jar:/Users/miguelloureiro/.m2/repository/ch/qos/logback/logback-core/1.5.18/logback-core-1.5.18.jar:/Users/miguelloureiro/.m2/repository/org/apache/logging/log4j/log4j-to-slf4j/2.24.3/log4j-to-slf4j-2.24.3.jar:/Users/miguelloureiro/.m2/repository/org/apache/logging/log4j/log4j-api/2.24.3/log4j-api-2.24.3.jar:/Users/miguelloureiro/.m2/repository/org/slf4j/jul-to-slf4j/2.0.17/jul-to-slf4j-2.0.17.jar:/Users/miguelloureiro/.m2/repository/jakarta/annotation/jakarta.annotation-api/2.1.1/jakarta.annotation-api-2.1.1.jar:/Users/miguelloureiro/.m2/repository/org/yaml/snakeyaml/2.4/snakeyaml-2.4.jar:/Users/miguelloureiro/.m2/repository/org/springframework/boot/spring-boot-starter-jdbc/3.5.3/spring-boot-starter-jdbc-3.5.3.jar:/Users/miguelloureiro/.m2/repository/com/zaxxer/HikariCP/6.3.0/HikariCP-6.3.0.jar:/Users/miguelloureiro/.m2/repository/org/springframework/spring-jdbc/6.2.8/spring-jdbc-6.2.8.jar:/Users/miguelloureiro/.m2/repository/org/hibernate/orm/hibernate-core/6.6.18.Final/hibernate-core-6.6.18.Final.jar:/Users/miguelloureiro/.m2/repository/jakarta/persistence/jakarta.persistence-api/3.1.0/jakarta.persistence-api-3.1.0.jar:/Users/miguelloureiro/.m2/repository/jakarta/transaction/jakarta.transaction-api/2.0.1/jakarta.transaction-api-2.0.1.jar:/Users/miguelloureiro/.m2/repository/org/hibernate/common/hibernate-commons-annotations/7.0.3.Final/hibernate-commons-annotations-7.0.3.Final.jar:/Users/miguelloureiro/.m2/repository/io/smallrye/jandex/3.2.0/jandex-3.2.0.jar:/Users/miguelloureiro/.m2/repository/org/glassfish/jaxb/jaxb-runtime/4.0.5/jaxb-runtime-4.0.5.jar:/Users/miguelloureiro/.m2/repository/org/glassfish/jaxb/jaxb-core/4.0.5/jaxb-core-4.0.5.jar:/Users/miguelloureiro/.m2/repository/org/eclipse/angus/angus-activation/2.0.2/angus-activation-2.0.2.jar:/Users/miguelloureiro/.m2/repository/org/glassfish/jaxb/txw2/4.0.5/txw2-4.0.5.jar:/Users/miguelloureiro/.m2/repository/com/sun/istack/istack-commons-runtime/4.1.2/istack-commons-runtime-4.1.2.jar:/Users/miguelloureiro/.m2/repository/jakarta/inject/jakarta.inject-api/2.0.1/jakarta.inject-api-2.0.1.jar:/Users/miguelloureiro/.m2/repository/org/antlr/antlr4-runtime/4.13.0/antlr4-runtime-4.13.0.jar:/Users/miguelloureiro/.m2/repository/org/springframework/data/spring-data-jpa/3.5.1/spring-data-jpa-3.5.1.jar:/Users/miguelloureiro/.m2/repository/org/springframework/data/spring-data-commons/3.5.1/spring-data-commons-3.5.1.jar:/Users/miguelloureiro/.m2/repository/org/springframework/spring-orm/6.2.8/spring-orm-6.2.8.jar:/Users/miguelloureiro/.m2/repository/org/springframework/spring-context/6.2.8/spring-context-6.2.8.jar:/Users/miguelloureiro/.m2/repository/org/springframework/spring-tx/6.2.8/spring-tx-6.2.8.jar:/Users/miguelloureiro/.m2/repository/org/springframework/spring-beans/6.2.8/spring-beans-6.2.8.jar:/Users/miguelloureiro/.m2/repository/org/springframework/spring-aspects/6.2.8/spring-aspects-6.2.8.jar:/Users/miguelloureiro/.m2/repository/org/aspectj/aspectjweaver/1.9.24/aspectjweaver-1.9.24.jar:/Users/miguelloureiro/.m2/repository/org/springframework/boot/spring-boot-starter-security/3.5.4/spring-boot-starter-security-3.5.4.jar:/Users/miguelloureiro/.m2/repository/org/springframework/spring-aop/6.2.8/spring-aop-6.2.8.jar:/Users/miguelloureiro/.m2/repository/org/springframework/security/spring-security-config/6.5.1/spring-security-config-6.5.1.jar:/Users/miguelloureiro/.m2/repository/org/springframework/security/spring-security-web/6.5.1/spring-security-web-6.5.1.jar:/Users/miguelloureiro/.m2/repository/org/springframework/spring-expression/6.2.8/spring-expression-6.2.8.jar:/Users/miguelloureiro/.m2/repository/org/springframework/boot/spring-boot-starter-web/3.5.3/spring-boot-starter-web-3.5.3.jar:/Users/miguelloureiro/.m2/repository/org/springframework/boot/spring-boot-starter-json/3.5.3/spring-boot-starter-json-3.5.3.jar:/Users/miguelloureiro/.m2/repository/com/fasterxml/jackson/datatype/jackson-datatype-jdk8/2.19.1/jackson-datatype-jdk8-2.19.1.jar:/Users/miguelloureiro/.m2/repository/com/fasterxml/jackson/datatype/jackson-datatype-jsr310/2.19.1/jackson-datatype-jsr310-2.19.1.jar:/Users/miguelloureiro/.m2/repository/com/fasterxml/jackson/module/jackson-module-parameter-names/2.19.1/jackson-module-parameter-names-2.19.1.jar:/Users/miguelloureiro/.m2/repository/org/springframework/boot/spring-boot-starter-tomcat/3.5.3/spring-boot-starter-tomcat-3.5.3.jar:/Users/miguelloureiro/.m2/repository/org/apache/tomcat/embed/tomcat-embed-core/10.1.42/tomcat-embed-core-10.1.42.jar:/Users/miguelloureiro/.m2/repository/org/apache/tomcat/embed/tomcat-embed-el/10.1.42/tomcat-embed-el-10.1.42.jar:/Users/miguelloureiro/.m2/repository/org/apache/tomcat/embed/tomcat-embed-websocket/10.1.42/tomcat-embed-websocket-10.1.42.jar:/Users/miguelloureiro/.m2/repository/org/springframework/spring-web/6.2.8/spring-web-6.2.8.jar:/Users/miguelloureiro/.m2/repository/io/micrometer/micrometer-observation/1.15.1/micrometer-observation-1.15.1.jar:/Users/miguelloureiro/.m2/repository/io/micrometer/micrometer-commons/1.15.1/micrometer-commons-1.15.1.jar:/Users/miguelloureiro/.m2/repository/org/springframework/spring-webmvc/6.2.8/spring-webmvc-6.2.8.jar:/Users/miguelloureiro/.m2/repository/org/springframework/boot/spring-boot-devtools/3.5.3/spring-boot-devtools-3.5.3.jar:/Users/miguelloureiro/.m2/repository/org/springframework/boot/spring-boot/3.5.3/spring-boot-3.5.3.jar:/Users/miguelloureiro/.m2/repository/org/springframework/boot/spring-boot-autoconfigure/3.5.3/spring-boot-autoconfigure-3.5.3.jar:/Users/miguelloureiro/.m2/repository/com/h2database/h2/2.3.232/h2-2.3.232.jar:/Users/miguelloureiro/.m2/repository/org/postgresql/postgresql/42.7.4/postgresql-42.7.4.jar:/Users/miguelloureiro/.m2/repository/org/projectlombok/lombok/1.18.32/lombok-1.18.32.jar:/Users/miguelloureiro/.m2/repository/io/jsonwebtoken/jjwt-api/0.12.6/jjwt-api-0.12.6.jar:/Users/miguelloureiro/.m2/repository/io/jsonwebtoken/jjwt-impl/0.12.6/jjwt-impl-0.12.6.jar:/Users/miguelloureiro/.m2/repository/io/jsonwebtoken/jjwt-jackson/0.12.6/jjwt-jackson-0.12.6.jar:/Users/miguelloureiro/.m2/repository/com/fasterxml/jackson/core/jackson-databind/2.19.1/jackson-databind-2.19.1.jar:/Users/miguelloureiro/.m2/repository/com/fasterxml/jackson/core/jackson-core/2.19.1/jackson-core-2.19.1.jar:/Users/miguelloureiro/.m2/repository/com/google/firebase/firebase-admin/9.5.0/firebase-admin-9.5.0.jar:/Users/miguelloureiro/.m2/repository/com/google/api-client/google-api-client/2.7.2/google-api-client-2.7.2.jar:/Users/miguelloureiro/.m2/repository/com/google/oauth-client/google-oauth-client/1.39.0/google-oauth-client-1.39.0.jar:/Users/miguelloureiro/.m2/repository/com/google/http-client/google-http-client-apache-v2/1.47.1/google-http-client-apache-v2-1.47.1.jar:/Users/miguelloureiro/.m2/repository/com/google/api-client/google-api-client-gson/2.7.2/google-api-client-gson-2.7.2.jar:/Users/miguelloureiro/.m2/repository/com/google/cloud/google-cloud-storage/2.53.3/google-cloud-storage-2.53.3.jar:/Users/miguelloureiro/.m2/repository/com/google/http-client/google-http-client-jackson2/1.47.1/google-http-client-jackson2-1.47.1.jar:/Users/miguelloureiro/.m2/repository/com/google/apis/google-api-services-storage/v1-rev20250629-2.0.0/google-api-services-storage-v1-rev20250629-2.0.0.jar:/Users/miguelloureiro/.m2/repository/com/google/cloud/google-cloud-core-http/2.58.1/google-cloud-core-http-2.58.1.jar:/Users/miguelloureiro/.m2/repository/com/google/http-client/google-http-client-appengine/1.47.1/google-http-client-appengine-1.47.1.jar:/Users/miguelloureiro/.m2/repository/com/google/api/grpc/proto-google-cloud-storage-v2/2.53.3/proto-google-cloud-storage-v2-2.53.3.jar:/Users/miguelloureiro/.m2/repository/com/google/api/grpc/grpc-google-cloud-storage-v2/2.53.3/grpc-google-cloud-storage-v2-2.53.3.jar:/Users/miguelloureiro/.m2/repository/com/google/api/grpc/gapic-google-cloud-storage-v2/2.53.3/gapic-google-cloud-storage-v2-2.53.3.jar:/Users/miguelloureiro/.m2/repository/io/grpc/grpc-opentelemetry/1.71.0/grpc-opentelemetry-1.71.0.jar:/Users/miguelloureiro/.m2/repository/io/opentelemetry/opentelemetry-sdk-extension-autoconfigure-spi/1.49.0/opentelemetry-sdk-extension-autoconfigure-spi-1.49.0.jar:/Users/miguelloureiro/.m2/repository/io/opentelemetry/contrib/opentelemetry-gcp-resources/1.37.0-alpha/opentelemetry-gcp-resources-1.37.0-alpha.jar:/Users/miguelloureiro/.m2/repository/com/google/cloud/opentelemetry/detector-resources-support/0.33.0/detector-resources-support-0.33.0.jar:/Users/miguelloureiro/.m2/repository/io/grpc/grpc-rls/1.71.0/grpc-rls-1.71.0.jar:/Users/miguelloureiro/.m2/repository/io/netty/netty-codec-http/4.1.122.Final/netty-codec-http-4.1.122.Final.jar:/Users/miguelloureiro/.m2/repository/io/netty/netty-common/4.1.122.Final/netty-common-4.1.122.Final.jar:/Users/miguelloureiro/.m2/repository/io/netty/netty-buffer/4.1.122.Final/netty-buffer-4.1.122.Final.jar:/Users/miguelloureiro/.m2/repository/io/netty/netty-codec/4.1.122.Final/netty-codec-4.1.122.Final.jar:/Users/miguelloureiro/.m2/repository/io/netty/netty-handler/4.1.122.Final/netty-handler-4.1.122.Final.jar:/Users/miguelloureiro/.m2/repository/io/netty/netty-resolver/4.1.122.Final/netty-resolver-4.1.122.Final.jar:/Users/miguelloureiro/.m2/repository/io/netty/netty-transport-native-unix-common/4.1.122.Final/netty-transport-native-unix-common-4.1.122.Final.jar:/Users/miguelloureiro/.m2/repository/io/netty/netty-transport/4.1.122.Final/netty-transport-4.1.122.Final.jar:/Users/miguelloureiro/.m2/repository/org/apache/httpcomponents/client5/httpclient5/5.5/httpclient5-5.5.jar:/Users/miguelloureiro/.m2/repository/org/apache/httpcomponents/core5/httpcore5/5.3.4/httpcore5-5.3.4.jar:/Users/miguelloureiro/.m2/repository/org/apache/httpcomponents/core5/httpcore5-h2/5.3.4/httpcore5-h2-5.3.4.jar:/Users/miguelloureiro/.m2/repository/org/springframework/boot/spring-boot-starter-test/3.5.3/spring-boot-starter-test-3.5.3.jar:/Users/miguelloureiro/.m2/repository/org/springframework/boot/spring-boot-test/3.5.3/spring-boot-test-3.5.3.jar:/Users/miguelloureiro/.m2/repository/org/springframework/boot/spring-boot-test-autoconfigure/3.5.3/spring-boot-test-autoconfigure-3.5.3.jar:/Users/miguelloureiro/.m2/repository/com/jayway/jsonpath/json-path/2.9.0/json-path-2.9.0.jar:/Users/miguelloureiro/.m2/repository/jakarta/xml/bind/jakarta.xml.bind-api/4.0.2/jakarta.xml.bind-api-4.0.2.jar:/Users/miguelloureiro/.m2/repository/jakarta/activation/jakarta.activation-api/2.1.3/jakarta.activation-api-2.1.3.jar:/Users/miguelloureiro/.m2/repository/net/minidev/json-smart/2.5.2/json-smart-2.5.2.jar:/Users/miguelloureiro/.m2/repository/net/minidev/accessors-smart/2.5.2/accessors-smart-2.5.2.jar:/Users/miguelloureiro/.m2/repository/org/ow2/asm/asm/9.7.1/asm-9.7.1.jar:/Users/miguelloureiro/.m2/repository/org/assertj/assertj-core/3.27.3/assertj-core-3.27.3.jar:/Users/miguelloureiro/.m2/repository/org/awaitility/awaitility/4.2.2/awaitility-4.2.2.jar:/Users/miguelloureiro/.m2/repository/org/hamcrest/hamcrest/3.0/hamcrest-3.0.jar:/Users/miguelloureiro/.m2/repository/org/junit/jupiter/junit-jupiter/5.12.2/junit-jupiter-5.12.2.jar:/Users/miguelloureiro/.m2/repository/org/junit/jupiter/junit-jupiter-api/5.12.2/junit-jupiter-api-5.12.2.jar:/Users/miguelloureiro/.m2/repository/org/opentest4j/opentest4j/1.3.0/opentest4j-1.3.0.jar:/Users/miguelloureiro/.m2/repository/org/junit/platform/junit-platform-commons/1.12.2/junit-platform-commons-1.12.2.jar:/Users/miguelloureiro/.m2/repository/org/apiguardian/apiguardian-api/1.1.2/apiguardian-api-1.1.2.jar:/Users/miguelloureiro/.m2/repository/org/junit/jupiter/junit-jupiter-params/5.12.2/junit-jupiter-params-5.12.2.jar:/Users/miguelloureiro/.m2/repository/org/junit/jupiter/junit-jupiter-engine/5.12.2/junit-jupiter-engine-5.12.2.jar:/Users/miguelloureiro/.m2/repository/org/junit/platform/junit-platform-engine/1.12.2/junit-platform-engine-1.12.2.jar:/Users/miguelloureiro/.m2/repository/org/mockito/mockito-junit-jupiter/5.17.0/mockito-junit-jupiter-5.17.0.jar:/Users/miguelloureiro/.m2/repository/org/skyscreamer/jsonassert/1.5.3/jsonassert-1.5.3.jar:/Users/miguelloureiro/.m2/repository/com/vaadin/external/google/android-json/0.0.20131108.vaadin1/android-json-0.0.20131108.vaadin1.jar:/Users/miguelloureiro/.m2/repository/org/springframework/spring-core/6.2.8/spring-core-6.2.8.jar:/Users/miguelloureiro/.m2/repository/org/springframework/spring-jcl/6.2.8/spring-jcl-6.2.8.jar:/Users/miguelloureiro/.m2/repository/org/springframework/spring-test/6.2.8/spring-test-6.2.8.jar:/Users/miguelloureiro/.m2/repository/org/xmlunit/xmlunit-core/2.10.2/xmlunit-core-2.10.2.jar:/Users/miguelloureiro/.m2/repository/org/springframework/security/spring-security-test/6.5.1/spring-security-test-6.5.1.jar:/Users/miguelloureiro/.m2/repository/org/springframework/security/spring-security-core/6.5.1/spring-security-core-6.5.1.jar:/Users/miguelloureiro/.m2/repository/org/springframework/security/spring-security-crypto/6.5.1/spring-security-crypto-6.5.1.jar:/Users/miguelloureiro/.m2/repository/org/mockito/mockito-core/5.17.0/mockito-core-5.17.0.jar:/Users/miguelloureiro/.m2/repository/net/bytebuddy/byte-buddy/1.17.6/byte-buddy-1.17.6.jar:/Users/miguelloureiro/.m2/repository/net/bytebuddy/byte-buddy-agent/1.17.6/byte-buddy-agent-1.17.6.jar:/Users/miguelloureiro/.m2/repository/org/objenesis/objenesis/3.3/objenesis-3.3.jar:"/>
    <property name="sun.cpu.endian" value="little"/>
    <property name="user.home" value="/Users/miguelloureiro"/>
    <property name="user.language" value="en"/>
    <property name="java.specification.vendor" value="Oracle Corporation"/>
    <property name="java.version.date" value="2024-04-16"/>
    <property name="java.home" value="/Library/Java/JavaVirtualMachines/temurin-21.jdk/Contents/Home"/>
    <property name="file.separator" value="/"/>
    <property name="basedir" value="/Users/miguelloureiro/repos/supershopcart_app"/>
    <property name="java.vm.compressedOopsMode" value="Zero based"/>
    <property name="line.separator" value="&#10;"/>
    <property name="java.vm.specification.vendor" value="Oracle Corporation"/>
    <property name="java.specification.name" value="Java Platform API Specification"/>
    <property name="FILE_LOG_CHARSET" value="UTF-8"/>
    <property name="java.awt.headless" value="true"/>
    <property name="apple.awt.application.name" value="ForkedBooter"/>
    <property name="surefire.real.class.path" value="/Users/miguelloureiro/repos/supershopcart_app/target/surefire/surefirebooter-20250805234347302_3.jar"/>
    <property name="sun.management.compiler" value="HotSpot 64-Bit Tiered Compilers"/>
    <property name="ftp.nonProxyHosts" value="local|*.local|169.254/16|*.169.254/16"/>
    <property name="java.runtime.version" value="21.0.3+9-LTS"/>
    <property name="user.name" value="miguelloureiro"/>
    <property name="stdout.encoding" value="UTF-8"/>
    <property name="path.separator" value=":"/>
    <property name="os.version" value="15.5"/>
    <property name="java.runtime.name" value="OpenJDK Runtime Environment"/>
    <property name="file.encoding" value="UTF-8"/>
    <property name="java.vm.name" value="OpenJDK 64-Bit Server VM"/>
    <property name="java.vendor.version" value="Temurin-21.0.3+9"/>
    <property name="localRepository" value="/Users/miguelloureiro/.m2/repository"/>
    <property name="java.vendor.url.bug" value="https://github.com/adoptium/adoptium-support/issues"/>
    <property name="java.io.tmpdir" value="/var/folders/sq/q7js1dg929n00p0np41nd2kw0000gn/T/"/>
    <property name="idea.version" value="2025.1.4.1"/>
    <property name="com.zaxxer.hikari.pool_number" value="2"/>
    <property name="java.version" value="21.0.3"/>
    <property name="user.dir" value="/Users/miguelloureiro/repos/supershopcart_app"/>
    <property name="os.arch" value="aarch64"/>
    <property name="java.vm.specification.name" value="Java Virtual Machine Specification"/>
    <property name="PID" value="13418"/>
    <property name="CONSOLE_LOG_CHARSET" value="UTF-8"/>
    <property name="native.encoding" value="UTF-8"/>
    <property name="GCLOUD_PROJECT" value="demo-supershopcart-test"/>
    <property name="java.library.path" value="/Users/miguelloureiro/Library/Java/Extensions:/Library/Java/Extensions:/Network/Library/Java/Extensions:/System/Library/Java/Extensions:/usr/lib/java:."/>
    <property name="java.vm.info" value="mixed mode"/>
    <property name="stderr.encoding" value="UTF-8"/>
    <property name="java.vendor" value="Eclipse Adoptium"/>
    <property name="java.vm.version" value="21.0.3+9-LTS"/>
    <property name="sun.io.unicode.encoding" value="UnicodeBig"/>
    <property name="socksNonProxyHosts" value="local|*.local|169.254/16|*.169.254/16"/>
    <property name="java.class.version" value="65.0"/>
    <property name="LOGGED_APPLICATION_NAME" value="[supershopcart] "/>
  </properties>
  <testcase name="testWriteAndReadShopCartAndShopper" classname="com.supershopcart.models.ShopCartFirestoreTest" time="0.064">
    <system-out><![CDATA[2025-08-05T23:43:54.580+01:00  INFO 13418 --- [supershopcart] [           main] t.c.s.AnnotationConfigContextLoaderUtils : Could not detect default configuration classes for test class [com.supershopcart.models.ShopCartFirestoreTest]: ShopCartFirestoreTest does not declare any static, non-private, non-final, nested classes annotated with @Configuration.
2025-08-05T23:43:54.597+01:00  INFO 13418 --- [supershopcart] [           main] .b.t.c.SpringBootTestContextBootstrapper : Found @SpringBootConfiguration com.supershopcart.SupershopcartApplication for test class com.supershopcart.models.ShopCartFirestoreTest
2025-08-05T23:43:54.602+01:00  INFO 13418 --- [supershopcart] [           main] o.s.b.d.r.RestartApplicationListener     : Restart disabled due to context in which it is running

  .   ____          _            __ _ _
 /\\ / ___'_ __ _ _(_)_ __  __ _ \ \ \ \
( ( )\___ | '_ | '_| | '_ \/ _` | \ \ \ \
 \\/  ___)| |_)| | | | | || (_| |  ) ) ) )
  '  |____| .__|_| |_|_| |_\__, | / / / /
 =========|_|==============|___/=/_/_/_/

 :: Spring Boot ::                (v3.5.3)

2025-08-05T23:43:54.636+01:00  INFO 13418 --- [supershopcart] [           main] c.s.models.ShopCartFirestoreTest         : Starting ShopCartFirestoreTest using Java 21.0.3 with PID 13418 (started by miguelloureiro in /Users/miguelloureiro/repos/supershopcart_app)
2025-08-05T23:43:54.636+01:00  INFO 13418 --- [supershopcart] [           main] c.s.models.ShopCartFirestoreTest         : The following 1 profile is active: "dev-emulator"
2025-08-05T23:43:54.817+01:00  INFO 13418 --- [supershopcart] [           main] .s.d.r.c.RepositoryConfigurationDelegate : Bootstrapping Spring Data JPA repositories in DEFAULT mode.
2025-08-05T23:43:54.825+01:00  INFO 13418 --- [supershopcart] [           main] .s.d.r.c.RepositoryConfigurationDelegate : Finished Spring Data repository scanning in 6 ms. Found 0 JPA repository interfaces.
2025-08-05T23:43:54.913+01:00  INFO 13418 --- [supershopcart] [           main] o.hibernate.jpa.internal.util.LogHelper  : HHH000204: Processing PersistenceUnitInfo [name: default]
2025-08-05T23:43:54.924+01:00  INFO 13418 --- [supershopcart] [           main] o.h.c.internal.RegionFactoryInitiator    : HHH000026: Second-level cache disabled
2025-08-05T23:43:54.931+01:00  INFO 13418 --- [supershopcart] [           main] o.s.o.j.p.SpringPersistenceUnitInfo      : No LoadTimeWeaver setup: ignoring JPA class transformer
2025-08-05T23:43:54.931+01:00  INFO 13418 --- [supershopcart] [           main] com.zaxxer.hikari.HikariDataSource       : HikariPool-2 - Starting...
2025-08-05T23:43:55.221+01:00  INFO 13418 --- [supershopcart] [           main] com.zaxxer.hikari.pool.HikariPool        : HikariPool-2 - Added connection conn0: url=jdbc:h2:mem:testdb user=SA
2025-08-05T23:43:55.222+01:00  INFO 13418 --- [supershopcart] [           main] com.zaxxer.hikari.HikariDataSource       : HikariPool-2 - Start completed.
2025-08-05T23:43:55.227+01:00  WARN 13418 --- [supershopcart] [           main] org.hibernate.orm.deprecation            : HHH90000025: H2Dialect does not need to be specified explicitly using 'hibernate.dialect' (remove the property setting and it will be selected by default)
2025-08-05T23:43:55.235+01:00  INFO 13418 --- [supershopcart] [           main] org.hibernate.orm.connections.pooling    : HHH10001005: Database info:
	Database JDBC URL [Connecting through datasource 'HikariDataSource (HikariPool-2)']
	Database driver: undefined/unknown
	Database version: 2.3.232
	Autocommit mode: undefined/unknown
	Isolation level: undefined/unknown
	Minimum pool size: undefined/unknown
	Maximum pool size: undefined/unknown
2025-08-05T23:43:55.264+01:00  INFO 13418 --- [supershopcart] [           main] o.h.e.t.j.p.i.JtaPlatformInitiator       : HHH000489: No JTA platform available (set 'hibernate.transaction.jta.platform' to enable JTA platform integration)
2025-08-05T23:43:55.265+01:00  INFO 13418 --- [supershopcart] [           main] j.LocalContainerEntityManagerFactoryBean : Initialized JPA EntityManagerFactory for persistence unit 'default'
2025-08-05T23:43:55.269+01:00  INFO 13418 --- [supershopcart] [           main] c.supershopcart.config.FirebaseConfig    : 🚀 Configuring Firestore for 'dev-emulator' profile using working test approach...
2025-08-05T23:43:55.269+01:00  INFO 13418 --- [supershopcart] [           main] c.supershopcart.config.FirebaseConfig    : DEBUG: Using firebase.emulator.host property: 'localhost:8081'
2025-08-05T23:43:55.269+01:00  INFO 13418 --- [supershopcart] [           main] c.supershopcart.config.FirebaseConfig    : DEBUG: Project ID for emulator: 'fir-supershopcart-test'
2025-08-05T23:43:55.269+01:00  INFO 13418 --- [supershopcart] [           main] c.supershopcart.config.FirebaseConfig    : DEBUG: Final emulator host: 'localhost:8081'
2025-08-05T23:43:55.269+01:00  INFO 13418 --- [supershopcart] [           main] c.supershopcart.config.FirebaseConfig    : Testing direct Firestore emulator connection...
2025-08-05T23:43:55.277+01:00  INFO 13418 --- [supershopcart] [           main] c.supershopcart.config.FirebaseConfig    : Direct connection test - Options created:
2025-08-05T23:43:55.277+01:00  INFO 13418 --- [supershopcart] [           main] c.supershopcart.config.FirebaseConfig    :   - Project ID: fir-supershopcart-test
2025-08-05T23:43:55.277+01:00  INFO 13418 --- [supershopcart] [           main] c.supershopcart.config.FirebaseConfig    :   - Emulator Host Setting: localhost:8081
2025-08-05T23:43:55.278+01:00  INFO 13418 --- [supershopcart] [           main] c.supershopcart.config.FirebaseConfig    : Testing write to emulator...
2025-08-05T23:43:55.656+01:00  INFO 13418 --- [supershopcart] [           main] c.supershopcart.config.FirebaseConfig    : ✅ CONFIG TEST WRITE SUCCESSFUL! Update time: 2025-08-05T22:43:55.641958000Z
2025-08-05T23:43:55.671+01:00  INFO 13418 --- [supershopcart] [           main] c.supershopcart.config.FirebaseConfig    : ✅ CONFIG TEST READ SUCCESSFUL! Data: {timestamp=1754433835278}
2025-08-05T23:43:55.672+01:00  INFO 13418 --- [supershopcart] [           main] c.supershopcart.config.FirebaseConfig    : 🎉 Direct Firestore emulator connection is working in FirebaseConfig!
2025-08-05T23:43:55.676+01:00  INFO 13418 --- [supershopcart] [           main] c.supershopcart.config.FirebaseConfig    : FirebaseApp already initialized for emulator context.
2025-08-05T23:43:55.678+01:00  INFO 13418 --- [supershopcart] [           main] c.supershopcart.config.FirebaseConfig    : ✅ Firestore client initialized for EMULATOR using working test approach:
2025-08-05T23:43:55.679+01:00  INFO 13418 --- [supershopcart] [           main] c.supershopcart.config.FirebaseConfig    :   - Project ID: fir-supershopcart-test
2025-08-05T23:43:55.679+01:00  INFO 13418 --- [supershopcart] [           main] c.supershopcart.config.FirebaseConfig    :   - Displayed Host: firestore.googleapis.com:443
2025-08-05T23:43:55.679+01:00  INFO 13418 --- [supershopcart] [           main] c.supershopcart.config.FirebaseConfig    :   - Emulator Host Setting: localhost:8081
2025-08-05T23:43:55.679+01:00  INFO 13418 --- [supershopcart] [           main] c.supershopcart.config.FirebaseConfig    :   - Actual connection will be to: localhost:8081 (insecure)
2025-08-05T23:43:55.679+01:00  INFO 13418 --- [supershopcart] [           main] c.supershopcart.config.FirebaseConfig    : Note: If 'Displayed Host' shows 'firestore.googleapis.com:443', this is normal.
2025-08-05T23:43:55.679+01:00  INFO 13418 --- [supershopcart] [           main] c.supershopcart.config.FirebaseConfig    : The actual connection is directed to the emulator at localhost:8081
2025-08-05T23:43:55.682+01:00  INFO 13418 --- [supershopcart] [           main] c.s.services.JwtTokenService             : === JWT Service Initialization Debug ===
2025-08-05T23:43:55.683+01:00  INFO 13418 --- [supershopcart] [           main] c.s.services.JwtTokenService             : Secret key string: [PRESENT]
2025-08-05T23:43:55.683+01:00  INFO 13418 --- [supershopcart] [           main] c.s.services.JwtTokenService             : Secret key length: 64
2025-08-05T23:43:55.683+01:00  INFO 13418 --- [supershopcart] [           main] c.s.services.JwtTokenService             : Access token expiration: 3600000
2025-08-05T23:43:55.683+01:00  INFO 13418 --- [supershopcart] [           main] c.s.services.JwtTokenService             : Refresh token expiration: 2592000000
2025-08-05T23:43:55.683+01:00  INFO 13418 --- [supershopcart] [           main] c.s.services.JwtTokenService             : Original key bytes length: 64
2025-08-05T23:43:55.683+01:00  INFO 13418 --- [supershopcart] [           main] c.s.services.JwtTokenService             : JWT secret key initialized successfully!
2025-08-05T23:43:55.687+01:00  INFO 13418 --- [supershopcart] [           main] c.s.security.GoogleTokenVerifier         : GoogleTokenVerifier initialized with client ID: 688070817045-gp18jj8mdl6eg4vdu08budfed5h8e97n.apps.googleusercontent.com
2025-08-05T23:43:55.714+01:00  WARN 13418 --- [supershopcart] [           main] JpaBaseConfiguration$JpaWebConfiguration : spring.jpa.open-in-view is enabled by default. Therefore, database queries may be performed during view rendering. Explicitly configure spring.jpa.open-in-view to disable this warning
2025-08-05T23:43:55.763+01:00  WARN 13418 --- [supershopcart] [           main] .s.s.UserDetailsServiceAutoConfiguration : 

Using generated security password: 79404ad8-22d1-434c-af7e-5120e10fe333

This generated password is for development use only. Your security configuration must be updated before running your application in production.

2025-08-05T23:43:55.763+01:00  INFO 13418 --- [supershopcart] [           main] r$InitializeUserDetailsManagerConfigurer : Global AuthenticationManager configured with UserDetailsService bean with name inMemoryUserDetailsManager
2025-08-05T23:43:55.818+01:00  INFO 13418 --- [supershopcart] [           main] o.s.b.a.h2.H2ConsoleAutoConfiguration    : H2 console available at '/h2-console'. Database available at 'jdbc:h2:mem:testdb'
2025-08-05T23:43:55.836+01:00  INFO 13418 --- [supershopcart] [           main] c.s.models.ShopCartFirestoreTest         : Started ShopCartFirestoreTest in 1.234 seconds (process running for 8.472)
2025-08-05T23:43:55.838+01:00  INFO 13418 --- [supershopcart] [           main] c.supershopcart.seeder.ShopCartSeeder    : 🚀 Running ShopCartSeeder for 'dev-emulator' profile...
2025-08-05T23:43:55.838+01:00  INFO 13418 --- [supershopcart] [           main] c.supershopcart.seeder.ShopCartSeeder    : Clearing existing data from Firestore emulator...
2025-08-05T23:43:55.867+01:00  INFO 13418 --- [supershopcart] [           main] c.supershopcart.seeder.ShopCartSeeder    : All ShopCart documents cleared.
2025-08-05T23:43:55.872+01:00  INFO 13418 --- [supershopcart] [           main] c.supershopcart.seeder.ShopCartSeeder    : All Shopper documents cleared.
2025-08-05T23:43:55.872+01:00  INFO 13418 --- [supershopcart] [           main] c.supershopcart.seeder.ShopCartSeeder    : Existing data cleared successfully.
2025-08-05T23:43:55.872+01:00  INFO 13418 --- [supershopcart] [           main] c.supershopcart.seeder.ShopCartSeeder    : Seeding shoppers...
2025-08-05T23:43:56.268+01:00  INFO 13418 --- [supershopcart] [           main] c.supershopcart.seeder.ShopCartSeeder    : Seeded Shoppers: seeder.alice@example.com, seeder.bob@example.com, seeder.charlie@example.com
2025-08-05T23:43:56.269+01:00  INFO 13418 --- [supershopcart] [           main] c.supershopcart.seeder.ShopCartSeeder    : Seeding shop carts...
2025-08-05T23:43:56.307+01:00  INFO 13418 --- [supershopcart] [           main] c.supershopcart.seeder.ShopCartSeeder    : Created ShopCart 83O90OBMJo8o678AXS06 for Alice.
2025-08-05T23:43:56.336+01:00  INFO 13418 --- [supershopcart] [           main] c.supershopcart.seeder.ShopCartSeeder    : Created ShopCart FhheKtlsHmuvxAxBhqdn for Bob, marked Broccoli as purchased.
2025-08-05T23:43:56.365+01:00  INFO 13418 --- [supershopcart] [           main] c.supershopcart.seeder.ShopCartSeeder    : Created shared ShopCart ReEWPV5oMabDTWqCpiR4 for Alice and Charlie.
2025-08-05T23:43:56.411+01:00  INFO 13418 --- [supershopcart] [           main] c.supershopcart.seeder.ShopCartSeeder    : Created ShopCart iPIoNdcgHpC5ZfhvO8Fd for Charlie.
2025-08-05T23:43:56.423+01:00  INFO 13418 --- [supershopcart] [           main] c.supershopcart.seeder.ShopCartSeeder    : ✅ ShopCartSeeder finished. 3 shoppers and 4 carts seeded.
]]></system-out>
  </testcase>
  <testcase name="testUpdateShopCart" classname="com.supershopcart.models.ShopCartFirestoreTest" time="0.139"/>
  <testcase name="testDeleteShopCart" classname="com.supershopcart.models.ShopCartFirestoreTest" time="0.029"/>
  <testcase name="testRetrieveMultipleShopCarts" classname="com.supershopcart.models.ShopCartFirestoreTest" time="0.026"/>
  <testcase name="testUpdateShopper" classname="com.supershopcart.models.ShopCartFirestoreTest" time="0.028"/>
  <testcase name="testDeleteShopper" classname="com.supershopcart.models.ShopCartFirestoreTest" time="0.028"/>
</testsuite>